ERROR - 2025-03-05 20:54:31 --> mysqli_sql_exception: Unknown column 'status' in 'where clause' in C:\xampp\htdocs\p48-arsakha\vendor\codeigniter4\framework\system\Database\MySQLi\Connection.php:306
Stack trace:
#0 C:\xampp\htdocs\p48-arsakha\vendor\codeigniter4\framework\system\Database\MySQLi\Connection.php(306): mysqli->query('SELECT *\nFROM `...', 0)
#1 C:\xampp\htdocs\p48-arsakha\vendor\codeigniter4\framework\system\Database\BaseConnection.php(693): CodeIgniter\Database\MySQLi\Connection->execute('SELECT *\nFROM `...')
#2 C:\xampp\htdocs\p48-arsakha\vendor\codeigniter4\framework\system\Database\BaseConnection.php(607): CodeIgniter\Database\BaseConnection->simpleQuery('SELECT *\nFROM `...')
#3 C:\xampp\htdocs\p48-arsakha\vendor\codeigniter4\framework\system\Database\BaseBuilder.php(1615): CodeIgniter\Database\BaseConnection->query('SELECT *\nFROM `...', Array, false)
#4 C:\xampp\htdocs\p48-arsakha\vendor\codeigniter4\framework\system\Model.php(264): CodeIgniter\Database\BaseBuilder->get()
#5 C:\xampp\htdocs\p48-arsakha\vendor\codeigniter4\framework\system\BaseModel.php(662): CodeIgniter\Model->doFirst()
#6 C:\xampp\htdocs\p48-arsakha\app\Controllers\Pengaturan.php(797): CodeIgniter\BaseModel->first()
#7 C:\xampp\htdocs\p48-arsakha\vendor\codeigniter4\framework\system\CodeIgniter.php(942): App\Controllers\Pengaturan->hapus_img()
#8 C:\xampp\htdocs\p48-arsakha\vendor\codeigniter4\framework\system\CodeIgniter.php(502): CodeIgniter\CodeIgniter->runController(Object(App\Controllers\Pengaturan))
#9 C:\xampp\htdocs\p48-arsakha\vendor\codeigniter4\framework\system\CodeIgniter.php(361): CodeIgniter\CodeIgniter->handleRequest(NULL, Object(Config\Cache), false)
#10 C:\xampp\htdocs\p48-arsakha\public\index.php(78): CodeIgniter\CodeIgniter->run()
#11 {main}
CRITICAL - 2025-03-05 20:54:31 --> Unknown column 'status' in 'where clause'
in VENDORPATH\codeigniter4\framework\system\Database\BaseConnection.php on line 647.
 1 VENDORPATH\codeigniter4\framework\system\Database\BaseBuilder.php(1615): CodeIgniter\Database\BaseConnection->query('SELECT *
FROM `tbl_pengaturan`
WHERE `status` = :status:
 LIMIT 1', [...], false)
 2 VENDORPATH\codeigniter4\framework\system\Model.php(264): CodeIgniter\Database\BaseBuilder->get()
 3 VENDORPATH\codeigniter4\framework\system\BaseModel.php(662): CodeIgniter\Model->doFirst()
 4 APPPATH\Controllers\Pengaturan.php(797): CodeIgniter\BaseModel->first()
 5 VENDORPATH\codeigniter4\framework\system\CodeIgniter.php(942): App\Controllers\Pengaturan->hapus_img()
 6 VENDORPATH\codeigniter4\framework\system\CodeIgniter.php(502): CodeIgniter\CodeIgniter->runController(Object(App\Controllers\Pengaturan))
 7 VENDORPATH\codeigniter4\framework\system\CodeIgniter.php(361): CodeIgniter\CodeIgniter->handleRequest(null, Object(Config\Cache), false)
 8 FCPATH\index.php(78): CodeIgniter\CodeIgniter->run()
CRITICAL - 2025-03-05 21:09:05 --> Undefined array key "logo_wm"
in APPPATH\Controllers\Pengaturan.php on line 840.
 1 APPPATH\Controllers\Pengaturan.php(840): CodeIgniter\Debug\Exceptions->errorHandler(2, 'Undefined array key "logo_wm"', 'C:\\xampp\\htdocs\\p48-arsakha\\app\\Controllers\\Pengaturan.php', 840)
 2 VENDORPATH\codeigniter4\framework\system\CodeIgniter.php(942): App\Controllers\Pengaturan->hapus_img()
 3 VENDORPATH\codeigniter4\framework\system\CodeIgniter.php(502): CodeIgniter\CodeIgniter->runController(Object(App\Controllers\Pengaturan))
 4 VENDORPATH\codeigniter4\framework\system\CodeIgniter.php(361): CodeIgniter\CodeIgniter->handleRequest(null, Object(Config\Cache), false)
 5 FCPATH\index.php(78): CodeIgniter\CodeIgniter->run()
CRITICAL - 2025-03-05 22:08:12 --> unlink(C:\xampp\htdocs\p48-arsakha\public\file/app/): Is a directory
in APPPATH\Controllers\Pengaturan.php on line 160.
 1 [internal function]: CodeIgniter\Debug\Exceptions->errorHandler(2, 'unlink(C:\\xampp\\htdocs\\p48-arsakha\\public\\file/app/): Is a directory', 'C:\\xampp\\htdocs\\p48-arsakha\\app\\Controllers\\Pengaturan.php', 160)
 2 APPPATH\Controllers\Pengaturan.php(160): unlink('C:\\xampp\\htdocs\\p48-arsakha\\public\\file/app/')
 3 VENDORPATH\codeigniter4\framework\system\CodeIgniter.php(942): App\Controllers\Pengaturan->pengaturan_set_update()
 4 VENDORPATH\codeigniter4\framework\system\CodeIgniter.php(502): CodeIgniter\CodeIgniter->runController(Object(App\Controllers\Pengaturan))
 5 VENDORPATH\codeigniter4\framework\system\CodeIgniter.php(361): CodeIgniter\CodeIgniter->handleRequest(null, Object(Config\Cache), false)
 6 FCPATH\index.php(78): CodeIgniter\CodeIgniter->run()
