CRITICAL - 2025-03-07 00:13:08 --> Undefined variable $ID
in APPPATH\Views\admin-lte-3\user\menu_kiri.php on line 6.
 1 APPPATH\Views\admin-lte-3\user\menu_kiri.php(6): CodeIgniter\Debug\Exceptions->errorHandler(2, 'Undefined variable $ID', 'C:\\xampp\\htdocs\\p48-arsakha\\app\\Views\\admin-lte-3\\user\\menu_kiri.php', 6)
 2 VENDORPATH\codeigniter4\framework\system\View\View.php(228): include('C:\\xampp\\htdocs\\p48-arsakha\\app\\Views\\admin-lte-3\\user\\menu_kiri.php')
 3 VENDORPATH\codeigniter4\framework\system\View\View.php(231): CodeIgniter\View\View->CodeIgniter\View\{closure}()
 4 SYSTEMPATH\Common.php(1188): CodeIgniter\View\View->render('admin-lte-3/user/menu_kiri', [], true)
 5 APPPATH\Views\admin-lte-3\index.php(131): view('admin-lte-3/user/menu_kiri')
 6 VENDORPATH\codeigniter4\framework\system\View\View.php(228): include('C:\\xampp\\htdocs\\p48-arsakha\\app\\Views\\admin-lte-3\\index.php')
 7 VENDORPATH\codeigniter4\framework\system\View\View.php(231): CodeIgniter\View\View->CodeIgniter\View\{closure}()
 8 SYSTEMPATH\Common.php(1188): CodeIgniter\View\View->render('admin-lte-3/index', [], true)
 9 APPPATH\Controllers\Profile.php(48): view('admin-lte-3/index', [...])
10 VENDORPATH\codeigniter4\framework\system\CodeIgniter.php(942): App\Controllers\Profile->index('2')
11 VENDORPATH\codeigniter4\framework\system\CodeIgniter.php(502): CodeIgniter\CodeIgniter->runController(Object(App\Controllers\Profile))
12 VENDORPATH\codeigniter4\framework\system\CodeIgniter.php(361): CodeIgniter\CodeIgniter->handleRequest(null, Object(Config\Cache), false)
13 FCPATH\index.php(78): CodeIgniter\CodeIgniter->run()
CRITICAL - 2025-03-07 00:23:02 --> Invalid file: "admin-lte-3/manajemen/sdm/menu_kiri.php"
in VENDORPATH\codeigniter4\framework\system\Exceptions\FrameworkException.php on line 39.
 1 VENDORPATH\codeigniter4\framework\system\View\View.php(216): CodeIgniter\Exceptions\FrameworkException::forInvalidFile('admin-lte-3/manajemen/sdm/menu_kiri.php')
 2 SYSTEMPATH\Common.php(1188): CodeIgniter\View\View->render('admin-lte-3/manajemen/sdm/menu_kiri', [], true)
 3 APPPATH\Views\admin-lte-3\index.php(131): view('admin-lte-3/manajemen/sdm/menu_kiri')
 4 VENDORPATH\codeigniter4\framework\system\View\View.php(228): include('C:\\xampp\\htdocs\\p48-arsakha\\app\\Views\\admin-lte-3\\index.php')
 5 VENDORPATH\codeigniter4\framework\system\View\View.php(231): CodeIgniter\View\View->CodeIgniter\View\{closure}()
 6 SYSTEMPATH\Common.php(1188): CodeIgniter\View\View->render('admin-lte-3/index', [], true)
 7 APPPATH\Controllers\Sdm.php(47): view('admin-lte-3/index', [...])
 8 VENDORPATH\codeigniter4\framework\system\CodeIgniter.php(942): App\Controllers\Sdm->index()
 9 VENDORPATH\codeigniter4\framework\system\CodeIgniter.php(502): CodeIgniter\CodeIgniter->runController(Object(App\Controllers\Sdm))
10 VENDORPATH\codeigniter4\framework\system\CodeIgniter.php(361): CodeIgniter\CodeIgniter->handleRequest(null, Object(Config\Cache), false)
11 FCPATH\index.php(78): CodeIgniter\CodeIgniter->run()
CRITICAL - 2025-03-07 00:25:27 --> Invalid file: "admin-lte-3/manajemen/sdm/konten.php"
in VENDORPATH\codeigniter4\framework\system\Exceptions\FrameworkException.php on line 39.
 1 VENDORPATH\codeigniter4\framework\system\View\View.php(216): CodeIgniter\Exceptions\FrameworkException::forInvalidFile('admin-lte-3/manajemen/sdm/konten.php')
 2 SYSTEMPATH\Common.php(1188): CodeIgniter\View\View->render('admin-lte-3/manajemen/sdm/konten', [], true)
 3 APPPATH\Views\admin-lte-3\index.php(139): view('admin-lte-3/manajemen/sdm/konten')
 4 VENDORPATH\codeigniter4\framework\system\View\View.php(228): include('C:\\xampp\\htdocs\\p48-arsakha\\app\\Views\\admin-lte-3\\index.php')
 5 VENDORPATH\codeigniter4\framework\system\View\View.php(231): CodeIgniter\View\View->CodeIgniter\View\{closure}()
 6 SYSTEMPATH\Common.php(1188): CodeIgniter\View\View->render('admin-lte-3/index', [], true)
 7 APPPATH\Controllers\Sdm.php(47): view('admin-lte-3/index', [...])
 8 VENDORPATH\codeigniter4\framework\system\CodeIgniter.php(942): App\Controllers\Sdm->index()
 9 VENDORPATH\codeigniter4\framework\system\CodeIgniter.php(502): CodeIgniter\CodeIgniter->runController(Object(App\Controllers\Sdm))
10 VENDORPATH\codeigniter4\framework\system\CodeIgniter.php(361): CodeIgniter\CodeIgniter->handleRequest(null, Object(Config\Cache), false)
11 FCPATH\index.php(78): CodeIgniter\CodeIgniter->run()
CRITICAL - 2025-03-07 00:25:46 --> Call to a member function countAllResults() on array
in APPPATH\Views\admin-lte-3\manajemen\sdm\index.php on line 34.
 1 VENDORPATH\codeigniter4\framework\system\View\View.php(228): include()
 2 VENDORPATH\codeigniter4\framework\system\View\View.php(231): CodeIgniter\View\View->CodeIgniter\View\{closure}()
 3 SYSTEMPATH\Common.php(1188): CodeIgniter\View\View->render('admin-lte-3/manajemen/sdm/index', [], true)
 4 APPPATH\Views\admin-lte-3\index.php(139): view('admin-lte-3/manajemen/sdm/index')
 5 VENDORPATH\codeigniter4\framework\system\View\View.php(228): include('C:\\xampp\\htdocs\\p48-arsakha\\app\\Views\\admin-lte-3\\index.php')
 6 VENDORPATH\codeigniter4\framework\system\View\View.php(231): CodeIgniter\View\View->CodeIgniter\View\{closure}()
 7 SYSTEMPATH\Common.php(1188): CodeIgniter\View\View->render('admin-lte-3/index', [], true)
 8 APPPATH\Controllers\Sdm.php(47): view('admin-lte-3/index', [...])
 9 VENDORPATH\codeigniter4\framework\system\CodeIgniter.php(942): App\Controllers\Sdm->index()
10 VENDORPATH\codeigniter4\framework\system\CodeIgniter.php(502): CodeIgniter\CodeIgniter->runController(Object(App\Controllers\Sdm))
11 VENDORPATH\codeigniter4\framework\system\CodeIgniter.php(361): CodeIgniter\CodeIgniter->handleRequest(null, Object(Config\Cache), false)
12 FCPATH\index.php(78): CodeIgniter\CodeIgniter->run()
CRITICAL - 2025-03-07 00:26:06 --> Call to a member function countAllResults() on array
in APPPATH\Views\admin-lte-3\manajemen\sdm\index.php on line 34.
 1 VENDORPATH\codeigniter4\framework\system\View\View.php(228): include()
 2 VENDORPATH\codeigniter4\framework\system\View\View.php(231): CodeIgniter\View\View->CodeIgniter\View\{closure}()
 3 SYSTEMPATH\Common.php(1188): CodeIgniter\View\View->render('admin-lte-3/manajemen/sdm/index', [], true)
 4 APPPATH\Views\admin-lte-3\index.php(139): view('admin-lte-3/manajemen/sdm/index')
 5 VENDORPATH\codeigniter4\framework\system\View\View.php(228): include('C:\\xampp\\htdocs\\p48-arsakha\\app\\Views\\admin-lte-3\\index.php')
 6 VENDORPATH\codeigniter4\framework\system\View\View.php(231): CodeIgniter\View\View->CodeIgniter\View\{closure}()
 7 SYSTEMPATH\Common.php(1188): CodeIgniter\View\View->render('admin-lte-3/index', [], true)
 8 APPPATH\Controllers\Sdm.php(47): view('admin-lte-3/index', [...])
 9 VENDORPATH\codeigniter4\framework\system\CodeIgniter.php(942): App\Controllers\Sdm->index()
10 VENDORPATH\codeigniter4\framework\system\CodeIgniter.php(502): CodeIgniter\CodeIgniter->runController(Object(App\Controllers\Sdm))
11 VENDORPATH\codeigniter4\framework\system\CodeIgniter.php(361): CodeIgniter\CodeIgniter->handleRequest(null, Object(Config\Cache), false)
12 FCPATH\index.php(78): CodeIgniter\CodeIgniter->run()
CRITICAL - 2025-03-07 00:26:32 --> Call to a member function where() on array
in APPPATH\Views\admin-lte-3\manajemen\sdm\index.php on line 48.
 1 VENDORPATH\codeigniter4\framework\system\View\View.php(228): include()
 2 VENDORPATH\codeigniter4\framework\system\View\View.php(231): CodeIgniter\View\View->CodeIgniter\View\{closure}()
 3 SYSTEMPATH\Common.php(1188): CodeIgniter\View\View->render('admin-lte-3/manajemen/sdm/index', [], true)
 4 APPPATH\Views\admin-lte-3\index.php(139): view('admin-lte-3/manajemen/sdm/index')
 5 VENDORPATH\codeigniter4\framework\system\View\View.php(228): include('C:\\xampp\\htdocs\\p48-arsakha\\app\\Views\\admin-lte-3\\index.php')
 6 VENDORPATH\codeigniter4\framework\system\View\View.php(231): CodeIgniter\View\View->CodeIgniter\View\{closure}()
 7 SYSTEMPATH\Common.php(1188): CodeIgniter\View\View->render('admin-lte-3/index', [], true)
 8 APPPATH\Controllers\Sdm.php(47): view('admin-lte-3/index', [...])
 9 VENDORPATH\codeigniter4\framework\system\CodeIgniter.php(942): App\Controllers\Sdm->index()
10 VENDORPATH\codeigniter4\framework\system\CodeIgniter.php(502): CodeIgniter\CodeIgniter->runController(Object(App\Controllers\Sdm))
11 VENDORPATH\codeigniter4\framework\system\CodeIgniter.php(361): CodeIgniter\CodeIgniter->handleRequest(null, Object(Config\Cache), false)
12 FCPATH\index.php(78): CodeIgniter\CodeIgniter->run()
CRITICAL - 2025-03-07 00:26:51 --> Call to a member function where() on array
in APPPATH\Views\admin-lte-3\manajemen\sdm\index.php on line 66.
 1 VENDORPATH\codeigniter4\framework\system\View\View.php(228): include()
 2 VENDORPATH\codeigniter4\framework\system\View\View.php(231): CodeIgniter\View\View->CodeIgniter\View\{closure}()
 3 SYSTEMPATH\Common.php(1188): CodeIgniter\View\View->render('admin-lte-3/manajemen/sdm/index', [], true)
 4 APPPATH\Views\admin-lte-3\index.php(139): view('admin-lte-3/manajemen/sdm/index')
 5 VENDORPATH\codeigniter4\framework\system\View\View.php(228): include('C:\\xampp\\htdocs\\p48-arsakha\\app\\Views\\admin-lte-3\\index.php')
 6 VENDORPATH\codeigniter4\framework\system\View\View.php(231): CodeIgniter\View\View->CodeIgniter\View\{closure}()
 7 SYSTEMPATH\Common.php(1188): CodeIgniter\View\View->render('admin-lte-3/index', [], true)
 8 APPPATH\Controllers\Sdm.php(47): view('admin-lte-3/index', [...])
 9 VENDORPATH\codeigniter4\framework\system\CodeIgniter.php(942): App\Controllers\Sdm->index()
10 VENDORPATH\codeigniter4\framework\system\CodeIgniter.php(502): CodeIgniter\CodeIgniter->runController(Object(App\Controllers\Sdm))
11 VENDORPATH\codeigniter4\framework\system\CodeIgniter.php(361): CodeIgniter\CodeIgniter->handleRequest(null, Object(Config\Cache), false)
12 FCPATH\index.php(78): CodeIgniter\CodeIgniter->run()
CRITICAL - 2025-03-07 00:27:19 --> Call to a member function limit() on array
in APPPATH\Views\admin-lte-3\manajemen\sdm\index.php on line 119.
 1 VENDORPATH\codeigniter4\framework\system\View\View.php(228): include()
 2 VENDORPATH\codeigniter4\framework\system\View\View.php(231): CodeIgniter\View\View->CodeIgniter\View\{closure}()
 3 SYSTEMPATH\Common.php(1188): CodeIgniter\View\View->render('admin-lte-3/manajemen/sdm/index', [], true)
 4 APPPATH\Views\admin-lte-3\index.php(139): view('admin-lte-3/manajemen/sdm/index')
 5 VENDORPATH\codeigniter4\framework\system\View\View.php(228): include('C:\\xampp\\htdocs\\p48-arsakha\\app\\Views\\admin-lte-3\\index.php')
 6 VENDORPATH\codeigniter4\framework\system\View\View.php(231): CodeIgniter\View\View->CodeIgniter\View\{closure}()
 7 SYSTEMPATH\Common.php(1188): CodeIgniter\View\View->render('admin-lte-3/index', [], true)
 8 APPPATH\Controllers\Sdm.php(47): view('admin-lte-3/index', [...])
 9 VENDORPATH\codeigniter4\framework\system\CodeIgniter.php(942): App\Controllers\Sdm->index()
10 VENDORPATH\codeigniter4\framework\system\CodeIgniter.php(502): CodeIgniter\CodeIgniter->runController(Object(App\Controllers\Sdm))
11 VENDORPATH\codeigniter4\framework\system\CodeIgniter.php(361): CodeIgniter\CodeIgniter->handleRequest(null, Object(Config\Cache), false)
12 FCPATH\index.php(78): CodeIgniter\CodeIgniter->run()
CRITICAL - 2025-03-07 07:26:58 --> syntax error, unexpected token "else"
in APPPATH\Controllers\Pengaturan.php on line 400.
 1 SYSTEMPATH\Autoloader\Autoloader.php(285): CodeIgniter\Autoloader\Autoloader->includeFile('C:\\xampp\\htdocs\\p48-arsakha\\app\\Controllers\\Pengaturan.php')
 2 SYSTEMPATH\Autoloader\Autoloader.php(263): CodeIgniter\Autoloader\Autoloader->loadInNamespace('App\\Controllers\\Pengaturan')
 3 [internal function]: CodeIgniter\Autoloader\Autoloader->loadClass('App\\Controllers\\Pengaturan')
 4 VENDORPATH\codeigniter4\framework\system\CodeIgniter.php(900): class_exists('\\App\\Controllers\\Pengaturan', true)
 5 VENDORPATH\codeigniter4\framework\system\CodeIgniter.php(489): CodeIgniter\CodeIgniter->startController()
 6 VENDORPATH\codeigniter4\framework\system\CodeIgniter.php(361): CodeIgniter\CodeIgniter->handleRequest(null, Object(Config\Cache), false)
 7 FCPATH\index.php(78): CodeIgniter\CodeIgniter->run()
CRITICAL - 2025-03-07 07:27:14 --> syntax error, unexpected token "else"
in APPPATH\Controllers\Pengaturan.php on line 400.
 1 SYSTEMPATH\Autoloader\Autoloader.php(285): CodeIgniter\Autoloader\Autoloader->includeFile('C:\\xampp\\htdocs\\p48-arsakha\\app\\Controllers\\Pengaturan.php')
 2 SYSTEMPATH\Autoloader\Autoloader.php(263): CodeIgniter\Autoloader\Autoloader->loadInNamespace('App\\Controllers\\Pengaturan')
 3 [internal function]: CodeIgniter\Autoloader\Autoloader->loadClass('App\\Controllers\\Pengaturan')
 4 VENDORPATH\codeigniter4\framework\system\CodeIgniter.php(900): class_exists('\\App\\Controllers\\Pengaturan', true)
 5 VENDORPATH\codeigniter4\framework\system\CodeIgniter.php(489): CodeIgniter\CodeIgniter->startController()
 6 VENDORPATH\codeigniter4\framework\system\CodeIgniter.php(361): CodeIgniter\CodeIgniter->handleRequest(null, Object(Config\Cache), false)
 7 FCPATH\index.php(78): CodeIgniter\CodeIgniter->run()
CRITICAL - 2025-03-07 08:47:46 --> Too few arguments to function App\Controllers\Profile::index(), 0 passed in C:\xampp\htdocs\p48-arsakha\vendor\codeigniter4\framework\system\CodeIgniter.php on line 942 and exactly 1 expected
in APPPATH\Controllers\Profile.php on line 18.
 1 VENDORPATH\codeigniter4\framework\system\CodeIgniter.php(942): App\Controllers\Profile->index()
 2 VENDORPATH\codeigniter4\framework\system\CodeIgniter.php(502): CodeIgniter\CodeIgniter->runController(Object(App\Controllers\Profile))
 3 VENDORPATH\codeigniter4\framework\system\CodeIgniter.php(361): CodeIgniter\CodeIgniter->handleRequest(null, Object(Config\Cache), false)
 4 FCPATH\index.php(78): CodeIgniter\CodeIgniter->run()
