CRITICAL - 2025-03-09 19:52:03 --> Class "App\Models\mKeluarga" not found
in APPPATH\Controllers\Profile.php on line 247.
 1 VENDORPATH\codeigniter4\framework\system\CodeIgniter.php(942): App\Controllers\Profile->data_keluarga('2')
 2 VENDORPATH\codeigniter4\framework\system\CodeIgniter.php(502): CodeIgniter\CodeIgniter->runController(Object(App\Controllers\Profile))
 3 VENDORPATH\codeigniter4\framework\system\CodeIgniter.php(361): CodeIgniter\CodeIgniter->handleRequest(null, Object(Config\Cache), false)
 4 FCPATH\index.php(78): CodeIgniter\CodeIgniter->run()
CRITICAL - 2025-03-09 19:55:24 --> Class "App\Models\mKeluarga" not found
in APPPATH\Controllers\Profile.php on line 247.
 1 VENDORPATH\codeigniter4\framework\system\CodeIgniter.php(942): App\Controllers\Profile->data_keluarga('2')
 2 VENDORPATH\codeigniter4\framework\system\CodeIgniter.php(502): CodeIgniter\CodeIgniter->runController(Object(App\Controllers\Profile))
 3 VENDORPATH\codeigniter4\framework\system\CodeIgniter.php(361): CodeIgniter\CodeIgniter->handleRequest(null, Object(Config\Cache), false)
 4 FCPATH\index.php(78): CodeIgniter\CodeIgniter->run()
CRITICAL - 2025-03-09 20:07:24 --> Invalid file: "admin-lte-3/profile/menu_kiri.php"
in VENDORPATH\codeigniter4\framework\system\Exceptions\FrameworkException.php on line 39.
 1 VENDORPATH\codeigniter4\framework\system\View\View.php(216): CodeIgniter\Exceptions\FrameworkException::forInvalidFile('admin-lte-3/profile/menu_kiri.php')
 2 SYSTEMPATH\Common.php(1188): CodeIgniter\View\View->render('admin-lte-3/profile/menu_kiri', [], true)
 3 APPPATH\Views\admin-lte-3\index.php(131): view('admin-lte-3/profile/menu_kiri')
 4 VENDORPATH\codeigniter4\framework\system\View\View.php(228): include('C:\\xampp\\htdocs\\p48-sga\\app\\Views\\admin-lte-3\\index.php')
 5 VENDORPATH\codeigniter4\framework\system\View\View.php(231): CodeIgniter\View\View->CodeIgniter\View\{closure}()
 6 SYSTEMPATH\Common.php(1188): CodeIgniter\View\View->render('admin-lte-3/index', [], true)
 7 APPPATH\Controllers\Profile.php(267): view('admin-lte-3/index', [...])
 8 VENDORPATH\codeigniter4\framework\system\CodeIgniter.php(942): App\Controllers\Profile->data_keluarga('2')
 9 VENDORPATH\codeigniter4\framework\system\CodeIgniter.php(502): CodeIgniter\CodeIgniter->runController(Object(App\Controllers\Profile))
10 VENDORPATH\codeigniter4\framework\system\CodeIgniter.php(361): CodeIgniter\CodeIgniter->handleRequest(null, Object(Config\Cache), false)
11 FCPATH\index.php(78): CodeIgniter\CodeIgniter->run()
CRITICAL - 2025-03-09 20:15:02 --> Undefined variable $id_karyawan
in APPPATH\Views\admin-lte-3\user\profile_kel.php on line 12.
 1 APPPATH\Views\admin-lte-3\user\profile_kel.php(12): CodeIgniter\Debug\Exceptions->errorHandler(2, 'Undefined variable $id_karyawan', 'C:\\xampp\\htdocs\\p48-sga\\app\\Views\\admin-lte-3\\user\\profile_kel.php', 12)
 2 VENDORPATH\codeigniter4\framework\system\View\View.php(228): include('C:\\xampp\\htdocs\\p48-sga\\app\\Views\\admin-lte-3\\user\\profile_kel.php')
 3 VENDORPATH\codeigniter4\framework\system\View\View.php(231): CodeIgniter\View\View->CodeIgniter\View\{closure}()
 4 SYSTEMPATH\Common.php(1188): CodeIgniter\View\View->render('admin-lte-3/user/profile_kel', [], true)
 5 APPPATH\Views\admin-lte-3\index.php(139): view('admin-lte-3/user/profile_kel')
 6 VENDORPATH\codeigniter4\framework\system\View\View.php(228): include('C:\\xampp\\htdocs\\p48-sga\\app\\Views\\admin-lte-3\\index.php')
 7 VENDORPATH\codeigniter4\framework\system\View\View.php(231): CodeIgniter\View\View->CodeIgniter\View\{closure}()
 8 SYSTEMPATH\Common.php(1188): CodeIgniter\View\View->render('admin-lte-3/index', [], true)
 9 APPPATH\Controllers\Profile.php(269): view('admin-lte-3/index', [...])
10 VENDORPATH\codeigniter4\framework\system\CodeIgniter.php(942): App\Controllers\Profile->data_keluarga('2')
11 VENDORPATH\codeigniter4\framework\system\CodeIgniter.php(502): CodeIgniter\CodeIgniter->runController(Object(App\Controllers\Profile))
12 VENDORPATH\codeigniter4\framework\system\CodeIgniter.php(361): CodeIgniter\CodeIgniter->handleRequest(null, Object(Config\Cache), false)
13 FCPATH\index.php(78): CodeIgniter\CodeIgniter->run()
CRITICAL - 2025-03-09 20:15:49 --> Undefined variable $id_karyawan
in APPPATH\Views\admin-lte-3\user\profile_kel.php on line 137.
 1 APPPATH\Views\admin-lte-3\user\profile_kel.php(137): CodeIgniter\Debug\Exceptions->errorHandler(2, 'Undefined variable $id_karyawan', 'C:\\xampp\\htdocs\\p48-sga\\app\\Views\\admin-lte-3\\user\\profile_kel.php', 137)
 2 VENDORPATH\codeigniter4\framework\system\View\View.php(228): include('C:\\xampp\\htdocs\\p48-sga\\app\\Views\\admin-lte-3\\user\\profile_kel.php')
 3 VENDORPATH\codeigniter4\framework\system\View\View.php(231): CodeIgniter\View\View->CodeIgniter\View\{closure}()
 4 SYSTEMPATH\Common.php(1188): CodeIgniter\View\View->render('admin-lte-3/user/profile_kel', [], true)
 5 APPPATH\Views\admin-lte-3\index.php(139): view('admin-lte-3/user/profile_kel')
 6 VENDORPATH\codeigniter4\framework\system\View\View.php(228): include('C:\\xampp\\htdocs\\p48-sga\\app\\Views\\admin-lte-3\\index.php')
 7 VENDORPATH\codeigniter4\framework\system\View\View.php(231): CodeIgniter\View\View->CodeIgniter\View\{closure}()
 8 SYSTEMPATH\Common.php(1188): CodeIgniter\View\View->render('admin-lte-3/index', [], true)
 9 APPPATH\Controllers\Profile.php(269): view('admin-lte-3/index', [...])
10 VENDORPATH\codeigniter4\framework\system\CodeIgniter.php(942): App\Controllers\Profile->data_keluarga('2')
11 VENDORPATH\codeigniter4\framework\system\CodeIgniter.php(502): CodeIgniter\CodeIgniter->runController(Object(App\Controllers\Profile))
12 VENDORPATH\codeigniter4\framework\system\CodeIgniter.php(361): CodeIgniter\CodeIgniter->handleRequest(null, Object(Config\Cache), false)
13 FCPATH\index.php(78): CodeIgniter\CodeIgniter->run()
CRITICAL - 2025-03-09 20:39:11 --> Undefined variable $id_karyawan
in APPPATH\Views\admin-lte-3\user\profile_kel.php on line 41.
 1 APPPATH\Views\admin-lte-3\user\profile_kel.php(41): CodeIgniter\Debug\Exceptions->errorHandler(2, 'Undefined variable $id_karyawan', 'C:\\xampp\\htdocs\\p48-sga\\app\\Views\\admin-lte-3\\user\\profile_kel.php', 41)
 2 VENDORPATH\codeigniter4\framework\system\View\View.php(228): include('C:\\xampp\\htdocs\\p48-sga\\app\\Views\\admin-lte-3\\user\\profile_kel.php')
 3 VENDORPATH\codeigniter4\framework\system\View\View.php(231): CodeIgniter\View\View->CodeIgniter\View\{closure}()
 4 SYSTEMPATH\Common.php(1188): CodeIgniter\View\View->render('admin-lte-3/user/profile_kel', [], true)
 5 APPPATH\Views\admin-lte-3\index.php(139): view('admin-lte-3/user/profile_kel')
 6 VENDORPATH\codeigniter4\framework\system\View\View.php(228): include('C:\\xampp\\htdocs\\p48-sga\\app\\Views\\admin-lte-3\\index.php')
 7 VENDORPATH\codeigniter4\framework\system\View\View.php(231): CodeIgniter\View\View->CodeIgniter\View\{closure}()
 8 SYSTEMPATH\Common.php(1188): CodeIgniter\View\View->render('admin-lte-3/index', [], true)
 9 APPPATH\Controllers\Profile.php(269): view('admin-lte-3/index', [...])
10 VENDORPATH\codeigniter4\framework\system\CodeIgniter.php(942): App\Controllers\Profile->data_keluarga('2')
11 VENDORPATH\codeigniter4\framework\system\CodeIgniter.php(502): CodeIgniter\CodeIgniter->runController(Object(App\Controllers\Profile))
12 VENDORPATH\codeigniter4\framework\system\CodeIgniter.php(361): CodeIgniter\CodeIgniter->handleRequest(null, Object(Config\Cache), false)
13 FCPATH\index.php(78): CodeIgniter\CodeIgniter->run()
